<?xml version="1.0" encoding="UTF-8"?>
<!-- Generated by org.testng.reporters.JUnitReportReporter -->
<testsuite skipped="0" hostname="LAPTOP-SFUT2KD2" name="runners.TestRunner" tests="1" failures="0" timestamp="2019-07-31T01:11:48 CEST" time="27.760" errors="0">
  <testcase name="feature" time="27.760" classname="runners.TestRunner"/>
</testsuite> <!-- runners.TestRunner -->
